<?xml version="1.0" encoding="UTF-8"?>
<!-- Generated by org.testng.reporters.JUnitXMLReporter -->
<testsuite ignored="1" hostname="LAPTOP-7FA1EMDM" failures="0" tests="2" name="Test" time="0.078" errors="0" timestamp="2025-06-18T23:18:53 IST">
  <testcase classname="com.GST.mavenP.GroupTests" name="smoke" time="0.015"/>
  <testcase classname="com.GST.mavenP.GroupTests" name="smokeAndRegression" time="0.001"/>
  <testcase classname="com.GST.mavenP.GroupTests" name="regression" time="0.0">
    <ignored/>
  </testcase> <!-- regression -->
</testsuite> <!-- Test -->
