<?xml version="1.0" encoding="UTF-8"?>
<testng-results ignored="1" total="3" passed="2" failed="0" skipped="0">
  <reporter-output>
  </reporter-output>
  <suite started-at="2025-06-18T22:15:00 IST" name="Suite" finished-at="2025-06-18T22:15:00 IST" duration-ms="86">
    <groups>
      <group name="regression">
        <method signature="GroupTests.smokeAndRegression()[pri:0, instance:com.GST.mavenP.GroupTests@4e08711f]" name="smokeAndRegression" class="com.GST.mavenP.GroupTests"/>
      </group> <!-- regression -->
      <group name="smoke">
        <method signature="GroupTests.smoke()[pri:0, instance:com.GST.mavenP.GroupTests@4e08711f]" name="smoke" class="com.GST.mavenP.GroupTests"/>
        <method signature="GroupTests.smokeAndRegression()[pri:0, instance:com.GST.mavenP.GroupTests@4e08711f]" name="smokeAndRegression" class="com.GST.mavenP.GroupTests"/>
      </group> <!-- smoke -->
    </groups>
    <test started-at="2025-06-18T22:15:00 IST" name="Test" finished-at="2025-06-18T22:15:00 IST" duration-ms="86">
      <class name="com.GST.mavenP.GroupTests">
        <test-method signature="smoke()[pri:0, instance:com.GST.mavenP.GroupTests@4e08711f]" started-at="2025-06-18T22:15:00 IST" name="smoke" finished-at="2025-06-18T22:15:00 IST" duration-ms="18" status="PASS">
          <reporter-output>
          </reporter-output>
        </test-method> <!-- smoke -->
        <test-method signature="smokeAndRegression()[pri:0, instance:com.GST.mavenP.GroupTests@4e08711f]" started-at="2025-06-18T22:15:00 IST" name="smokeAndRegression" finished-at="2025-06-18T22:15:00 IST" duration-ms="4" status="PASS">
          <reporter-output>
          </reporter-output>
        </test-method> <!-- smokeAndRegression -->
      </class> <!-- com.GST.mavenP.GroupTests -->
    </test> <!-- Test -->
  </suite> <!-- Suite -->
</testng-results>
